<?xml version="1.0" encoding="UTF-8"?>
<!-- Generated by org.testng.reporters.JUnitXMLReporter -->
<testsuite ignored="0" hostname="LAPTOP-2O6EMAEN" failures="2" tests="6" name="Default test" time="188.007" errors="0" timestamp="2026-06-05T23:08:02 IST">
  <testcase classname="io.cucumber.testng.AbstractTestNGCucumberTests" name="runScenario" time="123.901"/>
  <testcase classname="io.cucumber.testng.AbstractTestNGCucumberTests" name="runScenario" time="128.68"/>
  <testcase classname="io.cucumber.testng.AbstractTestNGCucumberTests" name="runScenario" time="133.491">
    <failure type="java.lang.AssertionError" message="Cart count not updated">
      <![CDATA[java.lang.AssertionError: Cart count not updated
at stepDefinitions.CartSteps.cart_count_should_be_updated(CartSteps.java:45)
at ✽.cart count should be updated(file:///C:/Users/Gowshika%20Premapalan/eclipse-workspace/demoshop/src/test/resources/featureFiles/Cart.feature:9)
]]>
    </failure>
  </testcase> <!-- runScenario -->
  <testcase classname="io.cucumber.testng.AbstractTestNGCucumberTests" name="runScenario" time="133.982"/>
  <testcase classname="io.cucumber.testng.AbstractTestNGCucumberTests" name="runScenario" time="133.987"/>
  <testcase classname="io.cucumber.testng.AbstractTestNGCucumberTests" name="runScenario" time="187.306">
    <failure type="java.lang.AssertionError" message="Cart count not updated">
      <![CDATA[java.lang.AssertionError: Cart count not updated
at stepDefinitions.CartSteps.cart_count_should_be_updated(CartSteps.java:45)
at ✽.cart count should be updated(file:///C:/Users/Gowshika%20Premapalan/eclipse-workspace/demoshop/src/test/resources/featureFiles/Cart.feature:9)
]]>
    </failure>
  </testcase> <!-- runScenario -->
</testsuite> <!-- Default test -->
