<?xml version="1.0" encoding="UTF-8"?>
<!-- Generated by org.testng.reporters.JUnitXMLReporter -->
<testsuite ignored="0" hostname="LAPTOP-2O6EMAEN" failures="0" tests="3" name="CartTest" time="119.72" errors="0" timestamp="2026-06-05T22:47:04 IST">
  <testcase classname="tests.CartTest" name="verifyCart" time="29.344"/>
  <testcase classname="tests.CartTest" name="verifyCart" time="32.236"/>
  <testcase classname="tests.CartTest" name="verifyCart" time="115.162"/>
</testsuite> <!-- CartTest -->
