<?xml version="1.0" encoding="UTF-8"?>
<testng-results ignored="0" total="6" passed="4" failed="2" skipped="0">
  <reporter-output>
  </reporter-output>
  <suite started-at="2026-06-05T23:04:54 IST" name="Default suite" finished-at="2026-06-05T23:08:02 IST" duration-ms="188007">
    <groups>
      <group name="cucumber">
        <method signature="AbstractTestNGCucumberTests.runScenario(io.cucumber.testng.PickleWrapper,io.cucumber.testng.FeatureWrapper)[pri:0, instance:runner.TestRunner@f5958c9]" name="runScenario" class="io.cucumber.testng.AbstractTestNGCucumberTests"/>
      </group> <!-- cucumber -->
    </groups>
    <test started-at="2026-06-05T23:04:54 IST" name="Default test" finished-at="2026-06-05T23:08:02 IST" duration-ms="188007">
      <class name="runner.TestRunner">
        <test-method is-config="true" signature="setUpClass(org.testng.ITestContext)[pri:0, instance:runner.TestRunner@f5958c9]" started-at="2026-06-05T23:04:54 IST" name="setUpClass" finished-at="2026-06-05T23:04:55 IST" duration-ms="637" status="PASS">
          <params>
            <param index="0">
              <value>
                <![CDATA[org.testng.TestRunner@64337702]]>
              </value>
            </param>
          </params>
          <reporter-output>
          </reporter-output>
        </test-method> <!-- setUpClass -->
        <test-method signature="runScenario(io.cucumber.testng.PickleWrapper,io.cucumber.testng.FeatureWrapper)[pri:0, instance:runner.TestRunner@f5958c9]" started-at="2026-06-05T23:04:55 IST" name="runScenario" description="Runs Cucumber Scenarios" data-provider="scenarios" finished-at="2026-06-05T23:06:59 IST" duration-ms="123901" status="PASS">
          <params>
            <param index="0">
              <value>
                <![CDATA["Verify product search with filter"]]>
              </value>
            </param>
            <param index="1">
              <value>
                <![CDATA["Amazon Search"]]>
              </value>
            </param>
          </params>
          <reporter-output>
          </reporter-output>
        </test-method> <!-- runScenario -->
        <test-method signature="runScenario(io.cucumber.testng.PickleWrapper,io.cucumber.testng.FeatureWrapper)[pri:0, instance:runner.TestRunner@f5958c9]" started-at="2026-06-05T23:04:55 IST" name="runScenario" description="Runs Cucumber Scenarios" data-provider="scenarios" finished-at="2026-06-05T23:07:09 IST" duration-ms="133987" status="PASS">
          <params>
            <param index="0">
              <value>
                <![CDATA["Verify login with valid and invalid user credentials"]]>
              </value>
            </param>
            <param index="1">
              <value>
                <![CDATA["Amazon Login"]]>
              </value>
            </param>
          </params>
          <reporter-output>
          </reporter-output>
        </test-method> <!-- runScenario -->
        <test-method signature="runScenario(io.cucumber.testng.PickleWrapper,io.cucumber.testng.FeatureWrapper)[pri:0, instance:runner.TestRunner@f5958c9]" started-at="2026-06-05T23:04:55 IST" name="runScenario" description="Runs Cucumber Scenarios" data-provider="scenarios" finished-at="2026-06-05T23:07:04 IST" duration-ms="128680" status="PASS">
          <params>
            <param index="0">
              <value>
                <![CDATA["Verify login with valid and invalid user credentials"]]>
              </value>
            </param>
            <param index="1">
              <value>
                <![CDATA["Amazon Login"]]>
              </value>
            </param>
          </params>
          <reporter-output>
          </reporter-output>
        </test-method> <!-- runScenario -->
        <test-method signature="runScenario(io.cucumber.testng.PickleWrapper,io.cucumber.testng.FeatureWrapper)[pri:0, instance:runner.TestRunner@f5958c9]" started-at="2026-06-05T23:04:55 IST" name="runScenario" description="Runs Cucumber Scenarios" data-provider="scenarios" finished-at="2026-06-05T23:07:09 IST" duration-ms="133982" status="PASS">
          <params>
            <param index="0">
              <value>
                <![CDATA["Verify product search with filter"]]>
              </value>
            </param>
            <param index="1">
              <value>
                <![CDATA["Amazon Search"]]>
              </value>
            </param>
          </params>
          <reporter-output>
          </reporter-output>
        </test-method> <!-- runScenario -->
        <test-method signature="runScenario(io.cucumber.testng.PickleWrapper,io.cucumber.testng.FeatureWrapper)[pri:0, instance:runner.TestRunner@f5958c9]" started-at="2026-06-05T23:04:55 IST" name="runScenario" description="Runs Cucumber Scenarios" data-provider="scenarios" finished-at="2026-06-05T23:08:02 IST" duration-ms="187306" status="FAIL">
          <params>
            <param index="0">
              <value>
                <![CDATA["Verify adding products to cart"]]>
              </value>
            </param>
            <param index="1">
              <value>
                <![CDATA["Amazon cart"]]>
              </value>
            </param>
          </params>
          <exception class="java.lang.AssertionError">
            <message>
              <![CDATA[Cart count not updated]]>
            </message>
            <full-stacktrace>
              <![CDATA[java.lang.AssertionError: Cart count not updated
at stepDefinitions.CartSteps.cart_count_should_be_updated(CartSteps.java:45)
at ✽.cart count should be updated(file:///C:/Users/Gowshika%20Premapalan/eclipse-workspace/demoshop/src/test/resources/featureFiles/Cart.feature:9)
]]>
            </full-stacktrace>
          </exception> <!-- java.lang.AssertionError -->
          <reporter-output>
          </reporter-output>
        </test-method> <!-- runScenario -->
        <test-method signature="runScenario(io.cucumber.testng.PickleWrapper,io.cucumber.testng.FeatureWrapper)[pri:0, instance:runner.TestRunner@f5958c9]" started-at="2026-06-05T23:04:55 IST" name="runScenario" description="Runs Cucumber Scenarios" data-provider="scenarios" finished-at="2026-06-05T23:07:08 IST" duration-ms="133491" status="FAIL">
          <params>
            <param index="0">
              <value>
                <![CDATA["Verify adding products to cart"]]>
              </value>
            </param>
            <param index="1">
              <value>
                <![CDATA["Amazon cart"]]>
              </value>
            </param>
          </params>
          <exception class="java.lang.AssertionError">
            <message>
              <![CDATA[Cart count not updated]]>
            </message>
            <full-stacktrace>
              <![CDATA[java.lang.AssertionError: Cart count not updated
at stepDefinitions.CartSteps.cart_count_should_be_updated(CartSteps.java:45)
at ✽.cart count should be updated(file:///C:/Users/Gowshika%20Premapalan/eclipse-workspace/demoshop/src/test/resources/featureFiles/Cart.feature:9)
]]>
            </full-stacktrace>
          </exception> <!-- java.lang.AssertionError -->
          <reporter-output>
          </reporter-output>
        </test-method> <!-- runScenario -->
        <test-method is-config="true" signature="tearDownClass()[pri:0, instance:runner.TestRunner@f5958c9]" started-at="2026-06-05T23:08:02 IST" name="tearDownClass" finished-at="2026-06-05T23:08:02 IST" duration-ms="23" status="PASS">
          <reporter-output>
          </reporter-output>
        </test-method> <!-- tearDownClass -->
      </class> <!-- runner.TestRunner -->
    </test> <!-- Default test -->
  </suite> <!-- Default suite -->
</testng-results>
