<?xml version="1.0" encoding="UTF-8"?>
<!-- Generated by org.testng.reporters.JUnitReportReporter -->
<testsuite hostname="LAPTOP-2O6EMAEN" failures="2" tests="6" name="runner.TestRunner" time="841.347" errors="0" timestamp="2026-06-05T23:08:02 IST" skipped="0">
  <testcase classname="runner.TestRunner" name="runScenario" time="123.901"/>
  <testcase classname="runner.TestRunner" name="runScenario" time="133.987"/>
  <testcase classname="runner.TestRunner" name="runScenario" time="128.680"/>
  <testcase classname="runner.TestRunner" name="runScenario" time="133.982"/>
  <testcase classname="runner.TestRunner" name="runScenario" time="187.306">
    <failure message="Cart count not updated" type="java.lang.AssertionError">
      <![CDATA[java.lang.AssertionError: Cart count not updated
at stepDefinitions.CartSteps.cart_count_should_be_updated(CartSteps.java:45)
at ✽.cart count should be updated(file:///C:/Users/Gowshika%20Premapalan/eclipse-workspace/demoshop/src/test/resources/featureFiles/Cart.feature:9)
]]>
    </failure>
  </testcase> <!-- runScenario -->
  <testcase classname="runner.TestRunner" name="runScenario" time="133.491">
    <failure message="Cart count not updated" type="java.lang.AssertionError">
      <![CDATA[java.lang.AssertionError: Cart count not updated
at stepDefinitions.CartSteps.cart_count_should_be_updated(CartSteps.java:45)
at ✽.cart count should be updated(file:///C:/Users/Gowshika%20Premapalan/eclipse-workspace/demoshop/src/test/resources/featureFiles/Cart.feature:9)
]]>
    </failure>
  </testcase> <!-- runScenario -->
</testsuite> <!-- runner.TestRunner -->
